Unity Editor version:    2022.3.1f1 (f18e0c1b5784)
Branch:                  2022.3/staging
Build type:              Release
Batch mode:              YES
macOS version:           Version 13.3.1 (a) (Build 22E772610a)
Darwin version:          22.4.0
Architecture:            arm64
Running under Rosetta:   NO
Available memory:        16384 MB
Using pre-set license
Pro License: YES

COMMAND LINE ARGUMENTS:
/Applications/Unity/Hub/Editor/2022.3.1f1/Unity.app/Contents/MacOS/Unity
-adb2
-batchMode
-noUpm
-name
AssetImportWorker1
-projectPath
/Users/fyk/Documents/GitHub/Survive-Titanic/Survive Titanic Mac
-logFile
Logs/AssetImportWorker1.log
-srvPort
53064
Successfully changed project path to: /Users/fyk/Documents/GitHub/Survive-Titanic/Survive Titanic Mac
/Users/fyk/Documents/GitHub/Survive-Titanic/Survive Titanic Mac
[UnityMemory] Configuration Parameters - Can be set up in boot.config
    "memorysetup-bucket-allocator-granularity=16"
    "memorysetup-bucket-allocator-bucket-count=8"
    "memorysetup-bucket-allocator-block-size=33554432"
    "memorysetup-bucket-allocator-block-count=8"
    "memorysetup-main-allocator-block-size=16777216"
    "memorysetup-thread-allocator-block-size=16777216"
    "memorysetup-gfx-main-allocator-block-size=16777216"
    "memorysetup-gfx-thread-allocator-block-size=16777216"
    "memorysetup-cache-allocator-block-size=4194304"
    "memorysetup-typetree-allocator-block-size=2097152"
    "memorysetup-profiler-bucket-allocator-granularity=16"
    "memorysetup-profiler-bucket-allocator-bucket-count=8"
    "memorysetup-profiler-bucket-allocator-block-size=33554432"
    "memorysetup-profiler-bucket-allocator-block-count=8"
    "memorysetup-profiler-allocator-block-size=16777216"
    "memorysetup-profiler-editor-allocator-block-size=1048576"
    "memorysetup-temp-allocator-size-main=16777216"
    "memorysetup-job-temp-allocator-block-size=2097152"
    "memorysetup-job-temp-allocator-block-size-background=1048576"
    "memorysetup-job-temp-allocator-reduction-small-platforms=262144"
    "memorysetup-allocator-temp-initial-block-size-main=262144"
    "memorysetup-allocator-temp-initial-block-size-worker=262144"
    "memorysetup-temp-allocator-size-background-worker=32768"
    "memorysetup-temp-allocator-size-job-worker=262144"
    "memorysetup-temp-allocator-size-preload-manager=33554432"
    "memorysetup-temp-allocator-size-nav-mesh-worker=65536"
    "memorysetup-temp-allocator-size-audio-worker=65536"
    "memorysetup-temp-allocator-size-cloud-worker=32768"
    "memorysetup-temp-allocator-size-gi-baking-worker=262144"
    "memorysetup-temp-allocator-size-gfx=262144"
Player connection [8713329472] Host "[IP] 192.168.1.92 [Port] 0 [Flags] 2 [Guid] 2104929717 [EditorId] 2104929717 [Version] 1048832 [Id] OSXEditor(0,192.168.1.92) [Debug] 1 [PackageName] OSXEditor [ProjectName] Editor" joined multi-casting on [225.0.0.222:54997]...

Player connection [8713329472] Host "[IP] 192.168.1.92 [Port] 0 [Flags] 2 [Guid] 2104929717 [EditorId] 2104929717 [Version] 1048832 [Id] OSXEditor(0,192.168.1.92) [Debug] 1 [PackageName] OSXEditor [ProjectName] Editor" joined alternative multi-casting on [225.0.0.222:34997]...

Refreshing native plugins compatible for Editor in 10.90 ms, found 2 plugins.
Preloading 0 native plugins for Editor in 0.00 ms.
Initialize engine version: 2022.3.1f1 (f18e0c1b5784)
[Subsystems] Discovering subsystems at path /Applications/Unity/Hub/Editor/2022.3.1f1/Unity.app/Contents/Resources/UnitySubsystems
[Subsystems] Discovering subsystems at path /Users/fyk/Documents/GitHub/Survive-Titanic/Survive Titanic Mac/Assets
GfxDevice: creating device client; threaded=0; jobified=0
 preferred device: Apple M2 (high power)
Metal devices available: 1
0: Apple M2 (high power)
Using device Apple M2 (high power)
Initializing Metal device caps: Apple M2
Initialize mono
Mono path[0] = '/Applications/Unity/Hub/Editor/2022.3.1f1/Unity.app/Contents/Managed'
Mono path[1] = '/Applications/Unity/Hub/Editor/2022.3.1f1/Unity.app/Contents/MonoBleedingEdge/lib/mono/unityjit-macos'
Mono config path = '/Applications/Unity/Hub/Editor/2022.3.1f1/Unity.app/Contents/MonoBleedingEdge/etc'
Using monoOptions --debugger-agent=transport=dt_socket,embedding=1,server=y,suspend=n,address=127.0.0.1:56484
Begin MonoManager ReloadAssembly
Registering precompiled unity dll's ...
Register platform support module: /Applications/Unity/Hub/Editor/2022.3.1f1/PlaybackEngines/WebGLSupport/UnityEditor.WebGL.Extensions.dll
Register platform support module: /Applications/Unity/Hub/Editor/2022.3.1f1/Unity.app/Contents/PlaybackEngines/MacStandaloneSupport/UnityEditor.OSXStandalone.Extensions.dll
Registered in 0.003105 seconds.
- Loaded All Assemblies, in  0.213 seconds
Native extension for OSXStandalone target not found
Native extension for WebGL target not found
Mono: successfully reloaded assembly
- Finished resetting the current domain, in  0.135 seconds
Domain Reload Profiling: 348ms
	BeginReloadAssembly (66ms)
		ExecutionOrderSort (0ms)
		DisableScriptedObjects (0ms)
		BackupInstance (0ms)
		ReleaseScriptingObjects (0ms)
		CreateAndSetChildDomain (0ms)
	RebuildCommonClasses (22ms)
	RebuildNativeTypeToScriptingClass (7ms)
	initialDomainReloadingComplete (31ms)
	LoadAllAssembliesAndSetupDomain (87ms)
		LoadAssemblies (66ms)
		RebuildTransferFunctionScriptingTraits (0ms)
		AnalyzeDomain (85ms)
			TypeCache.Refresh (84ms)
				TypeCache.ScanAssembly (77ms)
			ScanForSourceGeneratedMonoScriptInfo (0ms)
			ResolveRequiredComponents (0ms)
	FinalizeReload (135ms)
		ReleaseScriptCaches (0ms)
		RebuildScriptCaches (0ms)
		SetupLoadedEditorAssemblies (100ms)
			LogAssemblyErrors (0ms)
			InitializePlatformSupportModulesInManaged (4ms)
			SetLoadedEditorAssemblies (3ms)
			RefreshPlugins (0ms)
			BeforeProcessingInitializeOnLoad (1ms)
			ProcessInitializeOnLoadAttributes (67ms)
			ProcessInitializeOnLoadMethodAttributes (25ms)
			AfterProcessingInitializeOnLoad (0ms)
			EditorAssembliesLoaded (0ms)
		ExecutionOrderSort2 (0ms)
		AwakeInstancesAfterBackupRestoration (0ms)
========================================================================
Worker process is ready to serve import requests
Begin MonoManager ReloadAssembly
Symbol file LoadedFromMemory doesn't match image /Users/fyk/Documents/GitHub/Survive-Titanic/Survive Titanic Mac/Library/PackageCache/com.unity.visualscripting@1.8.0/Editor/VisualScripting.Core/Dependencies/YamlDotNet/Unity.VisualScripting.YamlDotNet.dll
Symbol file LoadedFromMemory doesn't match image /Users/fyk/Documents/GitHub/Survive-Titanic/Survive Titanic Mac/Library/PackageCache/com.unity.visualscripting@1.8.0/Editor/VisualScripting.Core/Dependencies/DotNetZip/Unity.VisualScripting.IonicZip.dll
- Loaded All Assemblies, in  0.600 seconds
Refreshing native plugins compatible for Editor in 2.47 ms, found 2 plugins.
Native extension for OSXStandalone target not found
Native extension for WebGL target not found
Mono: successfully reloaded assembly
- Finished resetting the current domain, in  0.379 seconds
Domain Reload Profiling: 979ms
	BeginReloadAssembly (82ms)
		ExecutionOrderSort (0ms)
		DisableScriptedObjects (3ms)
		BackupInstance (0ms)
		ReleaseScriptingObjects (0ms)
		CreateAndSetChildDomain (21ms)
	RebuildCommonClasses (32ms)
	RebuildNativeTypeToScriptingClass (8ms)
	initialDomainReloadingComplete (27ms)
	LoadAllAssembliesAndSetupDomain (450ms)
		LoadAssemblies (241ms)
		RebuildTransferFunctionScriptingTraits (0ms)
		AnalyzeDomain (240ms)
			TypeCache.Refresh (221ms)
				TypeCache.ScanAssembly (211ms)
			ScanForSourceGeneratedMonoScriptInfo (12ms)
			ResolveRequiredComponents (6ms)
	FinalizeReload (379ms)
		ReleaseScriptCaches (0ms)
		RebuildScriptCaches (0ms)
		SetupLoadedEditorAssemblies (276ms)
			LogAssemblyErrors (0ms)
			InitializePlatformSupportModulesInManaged (4ms)
			SetLoadedEditorAssemblies (3ms)
			RefreshPlugins (0ms)
			BeforeProcessingInitializeOnLoad (42ms)
			ProcessInitializeOnLoadAttributes (187ms)
			ProcessInitializeOnLoadMethodAttributes (39ms)
			AfterProcessingInitializeOnLoad (1ms)
			EditorAssembliesLoaded (0ms)
		ExecutionOrderSort2 (0ms)
		AwakeInstancesAfterBackupRestoration (2ms)
Launching external process: /Applications/Unity/Hub/Editor/2022.3.1f1/Unity.app/Contents/Tools/UnityShaderCompiler
Launched and connected shader compiler UnityShaderCompiler after 0.05 seconds
Refreshing native plugins compatible for Editor in 1.13 ms, found 2 plugins.
Preloading 0 native plugins for Editor in 0.00 ms.
Unloading 5035 Unused Serialized files (Serialized files now loaded: 0)
Unloading 66 unused Assets / (369.0 KB). Loaded Objects now: 5518.
Memory consumption went from 232.1 MB to 231.7 MB.
Total: 2.916875 ms (FindLiveObjects: 0.189083 ms CreateObjectMapping: 0.110334 ms MarkObjects: 2.436916 ms  DeleteObjects: 0.180042 ms)

AssetImportParameters requested are different than current active one (requested -> active):
  custom:container-demuxer-ogg: 62fdf1f143b41e24485cea50d1cbac27 -> 
  custom:video-decoder-ogg-theora: a1e56fd34408186e4bbccfd4996cb3dc -> 
  custom:container-demuxer-webm: 4f35f7cbe854078d1ac9338744f61a02 -> 
  custom:container-muxer-webm: aa71ff27fc2769a1b78a27578f13a17b -> 
  custom:video-decoder-webm-vp8: 9c59270c3fd7afecdb556c50c9e8de78 -> 
  custom:AudioImporter_EditorPlatform: 3918e3fc78b5a79bad01e8451be0beb8 -> 
  custom:framework-osx-AVFoundation: e770b220cccbd017edd2c1fefb359320 -> 
  custom:video-encoder-webm-vp8: eb34c28f22e8b96e1ab97ce403110664 -> 
  custom:audio-decoder-ogg-vorbis: bf7c407c2cedff20999df2af8eb42d56 -> 
  custom:audio-encoder-webm-vorbis: bf7c407c2cedff20999df2af8eb42d56 -> 
========================================================================
Received Import Request.
  Time since last request: 247232.042302 seconds.
  path: Assets/sand walk.mp3
  artifactKey: Guid(c45f0b04d6bc8488b9b4b23e238eb219) Importer(815301076,1909f56bfc062723c751e8b465ee728b)
Start importing Assets/sand walk.mp3 using Guid(c45f0b04d6bc8488b9b4b23e238eb219) Importer(815301076,1909f56bfc062723c751e8b465ee728b)  -> (artifact id: '455c2a476261a53050b968ff6874cf61') in 0.007841 seconds
Number of updated asset objects reloaded before import = 0
Number of asset objects unloaded after import = 1
========================================================================
Received Import Request.
  Time since last request: 0.000101 seconds.
  path: Assets/wood walk.mp3
  artifactKey: Guid(3aab149f3ce8b4b8e884cd153a5d00c7) Importer(815301076,1909f56bfc062723c751e8b465ee728b)
Start importing Assets/wood walk.mp3 using Guid(3aab149f3ce8b4b8e884cd153a5d00c7) Importer(815301076,1909f56bfc062723c751e8b465ee728b)  -> (artifact id: '9ff3f70683a16df4e96d5f541c7bc146') in 0.000399 seconds
Number of updated asset objects reloaded before import = 0
Number of asset objects unloaded after import = 1
========================================================================
Received Prepare
Begin MonoManager ReloadAssembly
Thread 0x2bc187000 may have been prematurely finalized
Symbol file LoadedFromMemory doesn't match image /Users/fyk/Documents/GitHub/Survive-Titanic/Survive Titanic Mac/Library/PackageCache/com.unity.visualscripting@1.8.0/Editor/VisualScripting.Core/Dependencies/YamlDotNet/Unity.VisualScripting.YamlDotNet.dll
Symbol file LoadedFromMemory doesn't match image /Users/fyk/Documents/GitHub/Survive-Titanic/Survive Titanic Mac/Library/PackageCache/com.unity.visualscripting@1.8.0/Editor/VisualScripting.Core/Dependencies/DotNetZip/Unity.VisualScripting.IonicZip.dll
- Loaded All Assemblies, in  0.480 seconds
Refreshing native plugins compatible for Editor in 1.19 ms, found 2 plugins.
Native extension for OSXStandalone target not found
Native extension for WebGL target not found
Mono: successfully reloaded assembly
- Finished resetting the current domain, in  0.786 seconds
Domain Reload Profiling: 1266ms
	BeginReloadAssembly (87ms)
		ExecutionOrderSort (0ms)
		DisableScriptedObjects (3ms)
		BackupInstance (0ms)
		ReleaseScriptingObjects (0ms)
		CreateAndSetChildDomain (34ms)
	RebuildCommonClasses (21ms)
	RebuildNativeTypeToScriptingClass (8ms)
	initialDomainReloadingComplete (13ms)
	LoadAllAssembliesAndSetupDomain (350ms)
		LoadAssemblies (165ms)
		RebuildTransferFunctionScriptingTraits (0ms)
		AnalyzeDomain (210ms)
			TypeCache.Refresh (204ms)
				TypeCache.ScanAssembly (195ms)
			ScanForSourceGeneratedMonoScriptInfo (0ms)
			ResolveRequiredComponents (6ms)
	FinalizeReload (786ms)
		ReleaseScriptCaches (0ms)
		RebuildScriptCaches (0ms)
		SetupLoadedEditorAssemblies (236ms)
			LogAssemblyErrors (0ms)
			InitializePlatformSupportModulesInManaged (2ms)
			SetLoadedEditorAssemblies (3ms)
			RefreshPlugins (0ms)
			BeforeProcessingInitializeOnLoad (43ms)
			ProcessInitializeOnLoadAttributes (149ms)
			ProcessInitializeOnLoadMethodAttributes (37ms)
			AfterProcessingInitializeOnLoad (1ms)
			EditorAssembliesLoaded (0ms)
		ExecutionOrderSort2 (0ms)
		AwakeInstancesAfterBackupRestoration (4ms)
Refreshing native plugins compatible for Editor in 1.10 ms, found 2 plugins.
Preloading 0 native plugins for Editor in 0.00 ms.
Unloading 4878 Unused Serialized files (Serialized files now loaded: 0)
Unloading 41 unused Assets / (347.1 KB). Loaded Objects now: 5523.
Memory consumption went from 206.8 MB to 206.5 MB.
Total: 3.194584 ms (FindLiveObjects: 0.250542 ms CreateObjectMapping: 0.157917 ms MarkObjects: 2.632584 ms  DeleteObjects: 0.152834 ms)

Prepare: number of updated asset objects reloaded= 0
AssetImportParameters requested are different than current active one (requested -> active):
  custom:container-demuxer-ogg: 62fdf1f143b41e24485cea50d1cbac27 -> 
  custom:video-decoder-ogg-theora: a1e56fd34408186e4bbccfd4996cb3dc -> 
  custom:container-demuxer-webm: 4f35f7cbe854078d1ac9338744f61a02 -> 
  custom:container-muxer-webm: aa71ff27fc2769a1b78a27578f13a17b -> 
  custom:video-decoder-webm-vp8: 9c59270c3fd7afecdb556c50c9e8de78 -> 
  custom:AudioImporter_EditorPlatform: 3918e3fc78b5a79bad01e8451be0beb8 -> 
  custom:framework-osx-AVFoundation: e770b220cccbd017edd2c1fefb359320 -> 
  custom:video-encoder-webm-vp8: eb34c28f22e8b96e1ab97ce403110664 -> 
  custom:audio-decoder-ogg-vorbis: bf7c407c2cedff20999df2af8eb42d56 -> 
  custom:audio-encoder-webm-vorbis: bf7c407c2cedff20999df2af8eb42d56 -> 
========================================================================
Received Import Request.
  Time since last request: 81.930200 seconds.
  path: Assets/Unity-Water-Shaders-main/NewLayer.terrainlayer
  artifactKey: Guid(516695b4600a04937bc6cf1197bc6453) Importer(815301076,1909f56bfc062723c751e8b465ee728b)
Start importing Assets/Unity-Water-Shaders-main/NewLayer.terrainlayer using Guid(516695b4600a04937bc6cf1197bc6453) Importer(815301076,1909f56bfc062723c751e8b465ee728b)  -> (artifact id: 'f9235cd0c93fc78938ba1671cc8c8a8a') in 0.039428 seconds
Number of updated asset objects reloaded before import = 0
Number of asset objects unloaded after import = 1
========================================================================
Received Import Request.
  Time since last request: 0.000103 seconds.
  path: Assets/Unity-Water-Shaders-main/water-shader.png
  artifactKey: Guid(918245c45ecb64d90858c2f97e4b6a6c) Importer(815301076,1909f56bfc062723c751e8b465ee728b)
Start importing Assets/Unity-Water-Shaders-main/water-shader.png using Guid(918245c45ecb64d90858c2f97e4b6a6c) Importer(815301076,1909f56bfc062723c751e8b465ee728b)  -> (artifact id: 'b792e06f742c3adf2b9ac94a9f4f480e') in 0.001410 seconds
Number of updated asset objects reloaded before import = 0
Number of asset objects unloaded after import = 1
========================================================================
Received Import Request.
  Time since last request: 35.434665 seconds.
  path: Assets/SyntyStudios/PolygonStarter/Models/SM_Bean_Cop_01.fbx
  artifactKey: Guid(c89a73caf26194948b5a891401eaf18e) Importer(815301076,1909f56bfc062723c751e8b465ee728b)
Start importing Assets/SyntyStudios/PolygonStarter/Models/SM_Bean_Cop_01.fbx using Guid(c89a73caf26194948b5a891401eaf18e) Importer(815301076,1909f56bfc062723c751e8b465ee728b)  -> (artifact id: '0b7b947823c6fe2352921e9409b32cd6') in 0.002152 seconds
Number of updated asset objects reloaded before import = 0
Number of asset objects unloaded after import = 6
========================================================================
Received Import Request.
  Time since last request: 0.000028 seconds.
  path: Assets/SyntyStudios/PolygonStarter/Models/SM_Generic_TreeStump_01.fbx
  artifactKey: Guid(a64981f2d6b07c146ace71b6804c1339) Importer(815301076,1909f56bfc062723c751e8b465ee728b)
Start importing Assets/SyntyStudios/PolygonStarter/Models/SM_Generic_TreeStump_01.fbx using Guid(a64981f2d6b07c146ace71b6804c1339) Importer(815301076,1909f56bfc062723c751e8b465ee728b)  -> (artifact id: '5061966782c40e22cabd40fe677d3927') in 0.000795 seconds
Number of updated asset objects reloaded before import = 0
Number of asset objects unloaded after import = 6
========================================================================
Received Import Request.
  Time since last request: 0.000169 seconds.
  path: Assets/SyntyStudios/PolygonStarter/Models/SM_Bean_Female_01.fbx
  artifactKey: Guid(a668c639af8f6754dbfcfbbb9ae0471d) Importer(815301076,1909f56bfc062723c751e8b465ee728b)
Start importing Assets/SyntyStudios/PolygonStarter/Models/SM_Bean_Female_01.fbx using Guid(a668c639af8f6754dbfcfbbb9ae0471d) Importer(815301076,1909f56bfc062723c751e8b465ee728b)  -> (artifact id: '4b3f30426060c07ca5719c2083869d6d') in 0.000995 seconds
Number of updated asset objects reloaded before import = 0
Number of asset objects unloaded after import = 6
========================================================================
Received Import Request.
  Time since last request: 0.000187 seconds.
  path: Assets/SyntyStudios/PolygonStarter/Models/SM_Generic_Ground_Flat_01.fbx
  artifactKey: Guid(508d8b94335d22a4f876f140c7c5540a) Importer(815301076,1909f56bfc062723c751e8b465ee728b)
Start importing Assets/SyntyStudios/PolygonStarter/Models/SM_Generic_Ground_Flat_01.fbx using Guid(508d8b94335d22a4f876f140c7c5540a) Importer(815301076,1909f56bfc062723c751e8b465ee728b)  -> (artifact id: '240b449fa6b21f61de200f51a3f942ee') in 0.000823 seconds
Number of updated asset objects reloaded before import = 0
Number of asset objects unloaded after import = 6
========================================================================
Received Import Request.
  Time since last request: 0.000041 seconds.
  path: Assets/SyntyStudios/PolygonStarter/Models/SM_Generic_Tree_01.fbx
  artifactKey: Guid(eafcccb3a6a70464caf8371e0f6153df) Importer(815301076,1909f56bfc062723c751e8b465ee728b)
Start importing Assets/SyntyStudios/PolygonStarter/Models/SM_Generic_Tree_01.fbx using Guid(eafcccb3a6a70464caf8371e0f6153df) Importer(815301076,1909f56bfc062723c751e8b465ee728b)  -> (artifact id: 'bc210925bc386725a19cc65aaaa8bbf5') in 0.001065 seconds
Number of updated asset objects reloaded before import = 0
Number of asset objects unloaded after import = 6
========================================================================
Received Import Request.
  Time since last request: 0.000040 seconds.
  path: Assets/SyntyStudios/PolygonStarter/Models/SM_Generic_Small_Rocks_01.fbx
  artifactKey: Guid(03d86e12787766148b2a251a345936f7) Importer(815301076,1909f56bfc062723c751e8b465ee728b)
Start importing Assets/SyntyStudios/PolygonStarter/Models/SM_Generic_Small_Rocks_01.fbx using Guid(03d86e12787766148b2a251a345936f7) Importer(815301076,1909f56bfc062723c751e8b465ee728b)  -> (artifact id: '5a94acfcfe8eacbbf466efeade73aff7') in 0.000431 seconds
Number of updated asset objects reloaded before import = 0
Number of asset objects unloaded after import = 6
========================================================================
Received Import Request.
  Time since last request: 0.000029 seconds.
  path: Assets/SyntyStudios/PolygonStarter/Models/SM_PolygonPrototype_Buildings_Floor_5x5_01P.fbx
  artifactKey: Guid(08b90f6a0b333ce47b856ad0651fdde4) Importer(815301076,1909f56bfc062723c751e8b465ee728b)
Start importing Assets/SyntyStudios/PolygonStarter/Models/SM_PolygonPrototype_Buildings_Floor_5x5_01P.fbx using Guid(08b90f6a0b333ce47b856ad0651fdde4) Importer(815301076,1909f56bfc062723c751e8b465ee728b)  -> (artifact id: 'e8a497ae5b6b68af1ba11060de6253cd') in 0.000575 seconds
Number of updated asset objects reloaded before import = 0
Number of asset objects unloaded after import = 6
========================================================================
Received Import Request.
  Time since last request: 0.000445 seconds.
  path: Assets/SyntyStudios/PolygonStarter/Models/SM_Generic_Tree_03.fbx
  artifactKey: Guid(f83ed2876384d1f4cb9b147d9bd0fd4b) Importer(815301076,1909f56bfc062723c751e8b465ee728b)
Start importing Assets/SyntyStudios/PolygonStarter/Models/SM_Generic_Tree_03.fbx using Guid(f83ed2876384d1f4cb9b147d9bd0fd4b) Importer(815301076,1909f56bfc062723c751e8b465ee728b)  -> (artifact id: 'dbc01cdb7b17da8877e85d49cbc76606') in 0.000616 seconds
Number of updated asset objects reloaded before import = 0
Number of asset objects unloaded after import = 6
========================================================================
Received Import Request.
  Time since last request: 0.000055 seconds.
  path: Assets/SyntyStudios/PolygonStarter/Models/SM_Generic_Mountains_Grass_02.fbx
  artifactKey: Guid(f76ba9d22b6776e43b0208e873d28605) Importer(815301076,1909f56bfc062723c751e8b465ee728b)
Start importing Assets/SyntyStudios/PolygonStarter/Models/SM_Generic_Mountains_Grass_02.fbx using Guid(f76ba9d22b6776e43b0208e873d28605) Importer(815301076,1909f56bfc062723c751e8b465ee728b)  -> (artifact id: '87175dd83fb01d89ae251b4924f5be27') in 0.000632 seconds
Number of updated asset objects reloaded before import = 0
Number of asset objects unloaded after import = 6
========================================================================
Received Import Request.
  Time since last request: 0.000042 seconds.
  path: Assets/SyntyStudios/PolygonStarter/Models/SM_PolygonPrototype_Primitive_Cylander_01P.fbx
  artifactKey: Guid(5cbb72520f7443f49b700d24eeec82e9) Importer(815301076,1909f56bfc062723c751e8b465ee728b)
Start importing Assets/SyntyStudios/PolygonStarter/Models/SM_PolygonPrototype_Primitive_Cylander_01P.fbx using Guid(5cbb72520f7443f49b700d24eeec82e9) Importer(815301076,1909f56bfc062723c751e8b465ee728b)  -> (artifact id: '622ddc7e8605ada4f104f8ba30c8720f') in 0.000509 seconds
Number of updated asset objects reloaded before import = 0
Number of asset objects unloaded after import = 6
========================================================================
Received Import Request.
  Time since last request: 0.000123 seconds.
  path: Assets/SyntyStudios/PolygonStarter/Models/SM_Generic_Small_Rocks_05.fbx
  artifactKey: Guid(6055577e4f794be4fb975210c267ebef) Importer(815301076,1909f56bfc062723c751e8b465ee728b)
Start importing Assets/SyntyStudios/PolygonStarter/Models/SM_Generic_Small_Rocks_05.fbx using Guid(6055577e4f794be4fb975210c267ebef) Importer(815301076,1909f56bfc062723c751e8b465ee728b)  -> (artifact id: '4ef3c05d15feda76014df211b5fab6fb') in 0.000380 seconds
Number of updated asset objects reloaded before import = 0
Number of asset objects unloaded after import = 6
========================================================================
Received Import Request.
  Time since last request: 0.000047 seconds.
  path: Assets/SyntyStudios/PolygonStarter/Models/SM_PolygonPrototype_Buildings_Block_1x1_01P.fbx
  artifactKey: Guid(6b3e08b19a8a5bc42aca2b30611da807) Importer(815301076,1909f56bfc062723c751e8b465ee728b)
Start importing Assets/SyntyStudios/PolygonStarter/Models/SM_PolygonPrototype_Buildings_Block_1x1_01P.fbx using Guid(6b3e08b19a8a5bc42aca2b30611da807) Importer(815301076,1909f56bfc062723c751e8b465ee728b)  -> (artifact id: '804fbef803e4ba5ebdaa675da68c5588') in 0.000396 seconds
Number of updated asset objects reloaded before import = 0
Number of asset objects unloaded after import = 6
========================================================================
Received Import Request.
  Time since last request: 0.000074 seconds.
  path: Assets/SyntyStudios/PolygonStarter/Models/SM_Bld_Door_01.fbx
  artifactKey: Guid(09581238a7eee2a448621efbc36abb72) Importer(815301076,1909f56bfc062723c751e8b465ee728b)
Start importing Assets/SyntyStudios/PolygonStarter/Models/SM_Bld_Door_01.fbx using Guid(09581238a7eee2a448621efbc36abb72) Importer(815301076,1909f56bfc062723c751e8b465ee728b)  -> (artifact id: '48e93e377f9f6181d8daa0931a5ddb87') in 0.000940 seconds
Number of updated asset objects reloaded before import = 0
Number of asset objects unloaded after import = 6
========================================================================
Received Import Request.
  Time since last request: 0.000046 seconds.
  path: Assets/SyntyStudios/PolygonStarter/Models/SM_Generic_Ground_03.fbx
  artifactKey: Guid(7cf8232403ff6a14483511b1d83ccf1a) Importer(815301076,1909f56bfc062723c751e8b465ee728b)
Start importing Assets/SyntyStudios/PolygonStarter/Models/SM_Generic_Ground_03.fbx using Guid(7cf8232403ff6a14483511b1d83ccf1a) Importer(815301076,1909f56bfc062723c751e8b465ee728b)  -> (artifact id: 'aa49aa0be73df0a93b8cb2fd61b7f907') in 0.000615 seconds
Number of updated asset objects reloaded before import = 0
Number of asset objects unloaded after import = 6
========================================================================
Received Import Request.
  Time since last request: 0.000065 seconds.
  path: Assets/SyntyStudios/PolygonStarter/Models/SM_Generic_TreeDead_01.fbx
  artifactKey: Guid(996ce56108cedf54681396d4595224f5) Importer(815301076,1909f56bfc062723c751e8b465ee728b)
Start importing Assets/SyntyStudios/PolygonStarter/Models/SM_Generic_TreeDead_01.fbx using Guid(996ce56108cedf54681396d4595224f5) Importer(815301076,1909f56bfc062723c751e8b465ee728b)  -> (artifact id: '78785f62c2a29b9a24a9755bec6ee537') in 0.000644 seconds
Number of updated asset objects reloaded before import = 0
Number of asset objects unloaded after import = 6
========================================================================
Received Import Request.
  Time since last request: 0.000180 seconds.
  path: Assets/SyntyStudios/PolygonStarter/Models/SM_PolygonPrototype_Icon_Arrow_Small_01.fbx
  artifactKey: Guid(b9979013b18adc147ac208c3520b982e) Importer(815301076,1909f56bfc062723c751e8b465ee728b)
Start importing Assets/SyntyStudios/PolygonStarter/Models/SM_PolygonPrototype_Icon_Arrow_Small_01.fbx using Guid(b9979013b18adc147ac208c3520b982e) Importer(815301076,1909f56bfc062723c751e8b465ee728b)  -> (artifact id: '1ed7c6c0390a3c6e32f629a9d5fb587c') in 0.000481 seconds
Number of updated asset objects reloaded before import = 0
Number of asset objects unloaded after import = 6
========================================================================
Received Import Request.
  Time since last request: 0.000042 seconds.
  path: Assets/SyntyStudios/PolygonStarter/Models/SM_Generic_Ground_04.fbx
  artifactKey: Guid(059e0382b8bc85645b4bbd4b98bb90c0) Importer(815301076,1909f56bfc062723c751e8b465ee728b)
Start importing Assets/SyntyStudios/PolygonStarter/Models/SM_Generic_Ground_04.fbx using Guid(059e0382b8bc85645b4bbd4b98bb90c0) Importer(815301076,1909f56bfc062723c751e8b465ee728b)  -> (artifact id: 'ffeee672ad8935101d07ccde4d1ebffe') in 0.000655 seconds
Number of updated asset objects reloaded before import = 0
Number of asset objects unloaded after import = 6
========================================================================
Received Import Request.
  Time since last request: 0.000047 seconds.
  path: Assets/SyntyStudios/PolygonStarter/Models/SM_PolygonPrototype_Buildings_Column_2x3_01P.fbx
  artifactKey: Guid(0d85decc1128f9c408b485218f4131e3) Importer(815301076,1909f56bfc062723c751e8b465ee728b)
Start importing Assets/SyntyStudios/PolygonStarter/Models/SM_PolygonPrototype_Buildings_Column_2x3_01P.fbx using Guid(0d85decc1128f9c408b485218f4131e3) Importer(815301076,1909f56bfc062723c751e8b465ee728b)  -> (artifact id: '5640bac027e702976f33a127e73c94c4') in 0.000431 seconds
Number of updated asset objects reloaded before import = 0
Number of asset objects unloaded after import = 6
========================================================================
Received Import Request.
  Time since last request: 0.000154 seconds.
  path: Assets/SyntyStudios/PolygonStarter/Models/SM_Generic_CloudRing_01.fbx
  artifactKey: Guid(c46fa2dcdad10a34d9cfcf6eaee6c3ed) Importer(815301076,1909f56bfc062723c751e8b465ee728b)
Start importing Assets/SyntyStudios/PolygonStarter/Models/SM_Generic_CloudRing_01.fbx using Guid(c46fa2dcdad10a34d9cfcf6eaee6c3ed) Importer(815301076,1909f56bfc062723c751e8b465ee728b)  -> (artifact id: '100c09ca454dbab74e8300f50481f395') in 0.002081 seconds
Number of updated asset objects reloaded before import = 0
Number of asset objects unloaded after import = 6
========================================================================
Received Import Request.
  Time since last request: 0.000035 seconds.
  path: Assets/SyntyStudios/PolygonStarter/Models/SM_PolygonPrototype_Buildings_Floor_1x1_01P.fbx
  artifactKey: Guid(efecce0669e04d14aada7871935a434d) Importer(815301076,1909f56bfc062723c751e8b465ee728b)
Start importing Assets/SyntyStudios/PolygonStarter/Models/SM_PolygonPrototype_Buildings_Floor_1x1_01P.fbx using Guid(efecce0669e04d14aada7871935a434d) Importer(815301076,1909f56bfc062723c751e8b465ee728b)  -> (artifact id: '1324710a16e7944b30ca760b431a3cb6') in 0.000432 seconds
Number of updated asset objects reloaded before import = 0
Number of asset objects unloaded after import = 6
========================================================================
Received Import Request.
  Time since last request: 0.000127 seconds.
  path: Assets/SyntyStudios/PolygonStarter/Models/SM_PolygonPrototype_Buildings_Stairs_1x3_01P.fbx
  artifactKey: Guid(4d167806285be1145935ba43ca5996fd) Importer(815301076,1909f56bfc062723c751e8b465ee728b)
Start importing Assets/SyntyStudios/PolygonStarter/Models/SM_PolygonPrototype_Buildings_Stairs_1x3_01P.fbx using Guid(4d167806285be1145935ba43ca5996fd) Importer(815301076,1909f56bfc062723c751e8b465ee728b)  -> (artifact id: '09f2158b8c3a9ced07e482f5c1f6dbed') in 0.000525 seconds
Number of updated asset objects reloaded before import = 0
Number of asset objects unloaded after import = 6
========================================================================
Received Import Request.
  Time since last request: 0.000059 seconds.
  path: Assets/SyntyStudios/PolygonStarter/Models/SM_PolygonApocalypse_Bld_House_01.fbx
  artifactKey: Guid(373fc854d939a1346a2f460d917cad73) Importer(815301076,1909f56bfc062723c751e8b465ee728b)
Start importing Assets/SyntyStudios/PolygonStarter/Models/SM_PolygonApocalypse_Bld_House_01.fbx using Guid(373fc854d939a1346a2f460d917cad73) Importer(815301076,1909f56bfc062723c751e8b465ee728b)  -> (artifact id: 'cc6d591d273653f7ab4f7a094cfa37f5') in 0.000937 seconds
Number of updated asset objects reloaded before import = 0
Number of asset objects unloaded after import = 6
========================================================================
Received Import Request.
  Time since last request: 13.959625 seconds.
  path: Assets/SyntyStudios/PolygonSamples/PolygonSciFiCity/Textures/PolygonScifi_01_B.png
  artifactKey: Guid(d8aa3284f76eb254caf64f966a1b06fb) Importer(815301076,1909f56bfc062723c751e8b465ee728b)
Start importing Assets/SyntyStudios/PolygonSamples/PolygonSciFiCity/Textures/PolygonScifi_01_B.png using Guid(d8aa3284f76eb254caf64f966a1b06fb) Importer(815301076,1909f56bfc062723c751e8b465ee728b)  -> (artifact id: '1f67e00a930e67aa2fc8517b2ba0a599') in 0.002615 seconds
Number of updated asset objects reloaded before import = 0
Number of asset objects unloaded after import = 1
========================================================================
Received Import Request.
  Time since last request: 610.748838 seconds.
  path: Assets/Tree9/bark14.png
  artifactKey: Guid(78e60ad3a8152ec46be748bb6d5a7cdf) Importer(815301076,1909f56bfc062723c751e8b465ee728b)
Start importing Assets/Tree9/bark14.png using Guid(78e60ad3a8152ec46be748bb6d5a7cdf) Importer(815301076,1909f56bfc062723c751e8b465ee728b)  -> (artifact id: '2e6f00f0bb267c80029302510866bb22') in 0.005128 seconds
Number of updated asset objects reloaded before import = 0
Number of asset objects unloaded after import = 1
========================================================================
Received Import Request.
  Time since last request: 0.000744 seconds.
  path: Assets/Tree9/Tree9_2.prefab
  artifactKey: Guid(be878d9ea17907f4a8068678a5ce7908) Importer(815301076,1909f56bfc062723c751e8b465ee728b)
Start importing Assets/Tree9/Tree9_2.prefab using Guid(be878d9ea17907f4a8068678a5ce7908) Importer(815301076,1909f56bfc062723c751e8b465ee728b)  -> (artifact id: 'c913c0347efcc14c514576e8d29a97df') in 0.021910 seconds
Number of updated asset objects reloaded before import = 0
Number of asset objects unloaded after import = 18
========================================================================
Received Import Request.
  Time since last request: 0.000030 seconds.
  path: Assets/Tree9/Tree9_5.prefab
  artifactKey: Guid(9b8fc966f95ea9c4194dc091fc40b478) Importer(815301076,1909f56bfc062723c751e8b465ee728b)
Start importing Assets/Tree9/Tree9_5.prefab using Guid(9b8fc966f95ea9c4194dc091fc40b478) Importer(815301076,1909f56bfc062723c751e8b465ee728b)  -> (artifact id: '9004e43f87155e9051bd2ab88445306a') in 0.004711 seconds
Number of updated asset objects reloaded before import = 0
Number of asset objects unloaded after import = 18
========================================================================
Received Import Request.
  Time since last request: 0.000156 seconds.
  path: Assets/Tree9/bark14_N.png
  artifactKey: Guid(81f1d63919f88a547a8d97fe857cc586) Importer(815301076,1909f56bfc062723c751e8b465ee728b)
Start importing Assets/Tree9/bark14_N.png using Guid(81f1d63919f88a547a8d97fe857cc586) Importer(815301076,1909f56bfc062723c751e8b465ee728b)  -> (artifact id: '64b74f7cc0a104f855de0ba36720624e') in 0.001335 seconds
Number of updated asset objects reloaded before import = 0
Number of asset objects unloaded after import = 1
========================================================================
Received Import Request.
  Time since last request: 0.000111 seconds.
  path: Assets/Tree9/Tree9_leafs.mat
  artifactKey: Guid(da780beb78a91484aa965294e12f428e) Importer(815301076,1909f56bfc062723c751e8b465ee728b)
Start importing Assets/Tree9/Tree9_leafs.mat using Guid(da780beb78a91484aa965294e12f428e) Importer(815301076,1909f56bfc062723c751e8b465ee728b)  -> (artifact id: '3a54ed3dc8ca43a9def57019d2e5f293') in 0.000528 seconds
Number of updated asset objects reloaded before import = 0
Number of asset objects unloaded after import = 1
========================================================================
Received Import Request.
  Time since last request: 34.869244 seconds.
  path: Assets/AllSkyFree/_AllSkyFreeDemoEnvironment/AllSky_DemoEnvironment02.fbx
  artifactKey: Guid(e8f07670fb0274e35a65e6e98594a930) Importer(815301076,1909f56bfc062723c751e8b465ee728b)
Start importing Assets/AllSkyFree/_AllSkyFreeDemoEnvironment/AllSky_DemoEnvironment02.fbx using Guid(e8f07670fb0274e35a65e6e98594a930) Importer(815301076,1909f56bfc062723c751e8b465ee728b)  -> (artifact id: '1407dd459db57fbc02840629ba3c3e3c') in 0.006219 seconds
Number of updated asset objects reloaded before import = 0
Number of asset objects unloaded after import = 6
========================================================================
Received Import Request.
  Time since last request: 0.000030 seconds.
  path: Assets/AllSkyFree/_AllSkyFreeDemoEnvironment/AllSkyFreeDemoEnvironment.prefab
  artifactKey: Guid(e2402d4ef4fe747ae9ad59bdccad4556) Importer(815301076,1909f56bfc062723c751e8b465ee728b)
Start importing Assets/AllSkyFree/_AllSkyFreeDemoEnvironment/AllSkyFreeDemoEnvironment.prefab using Guid(e2402d4ef4fe747ae9ad59bdccad4556) Importer(815301076,1909f56bfc062723c751e8b465ee728b)  -> (artifact id: '425b78dee5dc32f8dee8f744f6ac1a8a') in 0.012379 seconds
Number of updated asset objects reloaded before import = 0
Number of asset objects unloaded after import = 104
========================================================================
Received Import Request.
  Time since last request: 4.332826 seconds.
  path: Assets/SyntyStudios/PolygonCity/Prefabs/Characters/Character_BusinessMan_Shirt_01.prefab
  artifactKey: Guid(5e488cfd825ce044395037d93a9d8eb6) Importer(815301076,1909f56bfc062723c751e8b465ee728b)
Start importing Assets/SyntyStudios/PolygonCity/Prefabs/Characters/Character_BusinessMan_Shirt_01.prefab using Guid(5e488cfd825ce044395037d93a9d8eb6) Importer(815301076,1909f56bfc062723c751e8b465ee728b)  -> (artifact id: '8e5a85aa1970c11f5cb2068d40c00255') in 0.007229 seconds
Number of updated asset objects reloaded before import = 0
Number of asset objects unloaded after import = 138
========================================================================
Received Import Request.
  Time since last request: 0.176591 seconds.
  path: Assets/SyntyStudios/PolygonCity/Prefabs/Characters/Character_BusinessMan_Suit_01.prefab
  artifactKey: Guid(471247d5cf89b2c46bcde0f08524197e) Importer(815301076,1909f56bfc062723c751e8b465ee728b)
Start importing Assets/SyntyStudios/PolygonCity/Prefabs/Characters/Character_BusinessMan_Suit_01.prefab using Guid(471247d5cf89b2c46bcde0f08524197e) Importer(815301076,1909f56bfc062723c751e8b465ee728b)  -> (artifact id: '426d5b59999f1ee8839c02553748e047') in 0.002321 seconds
Number of updated asset objects reloaded before import = 0
Number of asset objects unloaded after import = 138
========================================================================
Received Import Request.
  Time since last request: 0.506282 seconds.
  path: Assets/SyntyStudios/PolygonCity/Prefabs/Characters/Character_BusinessWoman_01.prefab
  artifactKey: Guid(6412c6bdd410913469520a05a1632885) Importer(815301076,1909f56bfc062723c751e8b465ee728b)
Start importing Assets/SyntyStudios/PolygonCity/Prefabs/Characters/Character_BusinessWoman_01.prefab using Guid(6412c6bdd410913469520a05a1632885) Importer(815301076,1909f56bfc062723c751e8b465ee728b)  -> (artifact id: '19a835e228cff61b7f397838c223b068') in 0.002268 seconds
Number of updated asset objects reloaded before import = 0
Number of asset objects unloaded after import = 138
========================================================================
Received Import Request.
  Time since last request: 0.037782 seconds.
  path: Assets/SyntyStudios/PolygonStarter/PolygonPrototype/Prefabs/Characters/Character_Dummy_Male_01.prefab
  artifactKey: Guid(2f3e27eecb190e44a9af50723c394274) Importer(815301076,1909f56bfc062723c751e8b465ee728b)
Start importing Assets/SyntyStudios/PolygonStarter/PolygonPrototype/Prefabs/Characters/Character_Dummy_Male_01.prefab using Guid(2f3e27eecb190e44a9af50723c394274) Importer(815301076,1909f56bfc062723c751e8b465ee728b)  -> (artifact id: '896f07b3d671b4da35e3921397827991') in 0.002749 seconds
Number of updated asset objects reloaded before import = 0
Number of asset objects unloaded after import = 126
========================================================================
Received Import Request.
  Time since last request: 0.000046 seconds.
  path: Assets/SyntyStudios/PolygonCity/Prefabs/Characters/FixedScaleCharacters/Character_Female_Coat.prefab
  artifactKey: Guid(83139230f1d12e941a1a4fe3717b6561) Importer(815301076,1909f56bfc062723c751e8b465ee728b)
Start importing Assets/SyntyStudios/PolygonCity/Prefabs/Characters/FixedScaleCharacters/Character_Female_Coat.prefab using Guid(83139230f1d12e941a1a4fe3717b6561) Importer(815301076,1909f56bfc062723c751e8b465ee728b)  -> (artifact id: '0dde7f6b3bb0072b704877cffc552b21') in 0.002745 seconds
Number of updated asset objects reloaded before import = 0
Number of asset objects unloaded after import = 138
========================================================================
Received Import Request.
  Time since last request: 0.045901 seconds.
  path: Assets/SyntyStudios/PolygonCity/Prefabs/Characters/FixedScaleCharacters/Character_Female_Jacket.prefab
  artifactKey: Guid(5082799ad37f92b4bb2aaba2bdb7a5d4) Importer(815301076,1909f56bfc062723c751e8b465ee728b)
Start importing Assets/SyntyStudios/PolygonCity/Prefabs/Characters/FixedScaleCharacters/Character_Female_Jacket.prefab using Guid(5082799ad37f92b4bb2aaba2bdb7a5d4) Importer(815301076,1909f56bfc062723c751e8b465ee728b)  -> (artifact id: 'ef19d62c7084da9fc6de8fc22a487d2c') in 0.001508 seconds
Number of updated asset objects reloaded before import = 0
Number of asset objects unloaded after import = 138
========================================================================
Received Import Request.
  Time since last request: 0.000029 seconds.
  path: Assets/SyntyStudios/PolygonStarter/PolygonPrototype/Prefabs/Characters/Character_Female_NoFace_01.prefab
  artifactKey: Guid(722ecf17232566e4a81b862e2ca44aa0) Importer(815301076,1909f56bfc062723c751e8b465ee728b)
Start importing Assets/SyntyStudios/PolygonStarter/PolygonPrototype/Prefabs/Characters/Character_Female_NoFace_01.prefab using Guid(722ecf17232566e4a81b862e2ca44aa0) Importer(815301076,1909f56bfc062723c751e8b465ee728b)  -> (artifact id: '9876135a132874feed24877f6968588a') in 0.002157 seconds
Number of updated asset objects reloaded before import = 0
Number of asset objects unloaded after import = 132
========================================================================
Received Import Request.
  Time since last request: 0.048787 seconds.
  path: Assets/SyntyStudios/PolygonCity/Prefabs/Characters/Character_Female_Police_01.prefab
  artifactKey: Guid(adad89669382b0743a2c2f162c9601b0) Importer(815301076,1909f56bfc062723c751e8b465ee728b)
Start importing Assets/SyntyStudios/PolygonCity/Prefabs/Characters/Character_Female_Police_01.prefab using Guid(adad89669382b0743a2c2f162c9601b0) Importer(815301076,1909f56bfc062723c751e8b465ee728b)  -> (artifact id: '5eea56395d35ba3227f94317aac0639e') in 0.001732 seconds
Number of updated asset objects reloaded before import = 0
Number of asset objects unloaded after import = 138
========================================================================
Received Import Request.
  Time since last request: 0.226122 seconds.
  path: Assets/SyntyStudios/PolygonStarter/PolygonPrototype/Prefabs/Character_FPS_Hands/FiveFinger/Character_FPS_Arms_FiveFinger_02.prefab
  artifactKey: Guid(be265e142a7ab1a40b4e9367488943f9) Importer(815301076,1909f56bfc062723c751e8b465ee728b)
Start importing Assets/SyntyStudios/PolygonStarter/PolygonPrototype/Prefabs/Character_FPS_Hands/FiveFinger/Character_FPS_Arms_FiveFinger_02.prefab using Guid(be265e142a7ab1a40b4e9367488943f9) Importer(815301076,1909f56bfc062723c751e8b465ee728b)  -> (artifact id: '3ed89251b19eaa111b1a473c941034fd') in 0.002109 seconds
Number of updated asset objects reloaded before import = 0
Number of asset objects unloaded after import = 150
========================================================================
Received Import Request.
  Time since last request: 0.181077 seconds.
  path: Assets/SyntyStudios/PolygonStarter/PolygonPrototype/Prefabs/Character_FPS_Hands/Standard/Character_FPS_Arms_Standard_01.prefab
  artifactKey: Guid(63b914be36748c74ba47c08297bea915) Importer(815301076,1909f56bfc062723c751e8b465ee728b)
Start importing Assets/SyntyStudios/PolygonStarter/PolygonPrototype/Prefabs/Character_FPS_Hands/Standard/Character_FPS_Arms_Standard_01.prefab using Guid(63b914be36748c74ba47c08297bea915) Importer(815301076,1909f56bfc062723c751e8b465ee728b)  -> (artifact id: 'a17aafa69364f1b72e8b3a45fc4f13d5') in 0.003781 seconds
Number of updated asset objects reloaded before import = 0
Number of asset objects unloaded after import = 118
========================================================================
Received Import Request.
  Time since last request: 0.556813 seconds.
  path: Assets/SyntyStudios/PolygonStarter/PolygonPrototype/Prefabs/Character_FPS_Hands/Standard/Character_FPS_Arms_Standard_03.prefab
  artifactKey: Guid(664956de28ada604d8109484559e4751) Importer(815301076,1909f56bfc062723c751e8b465ee728b)
Start importing Assets/SyntyStudios/PolygonStarter/PolygonPrototype/Prefabs/Character_FPS_Hands/Standard/Character_FPS_Arms_Standard_03.prefab using Guid(664956de28ada604d8109484559e4751) Importer(815301076,1909f56bfc062723c751e8b465ee728b)  -> (artifact id: '02e97e280ffe8d5fa03dab4feac6a561') in 0.001769 seconds
Number of updated asset objects reloaded before import = 0
Number of asset objects unloaded after import = 118
========================================================================
Received Import Request.
  Time since last request: 0.042350 seconds.
  path: Assets/SyntyStudios/PolygonStarter/PolygonPrototype/Prefabs/Character_FPS_Hands/Standard/Character_FPS_Hands_Standard_01.prefab
  artifactKey: Guid(f68be8d3fbd733544b5bc54f8afe8b72) Importer(815301076,1909f56bfc062723c751e8b465ee728b)
Start importing Assets/SyntyStudios/PolygonStarter/PolygonPrototype/Prefabs/Character_FPS_Hands/Standard/Character_FPS_Hands_Standard_01.prefab using Guid(f68be8d3fbd733544b5bc54f8afe8b72) Importer(815301076,1909f56bfc062723c751e8b465ee728b)  -> (artifact id: 'cf14b90d672b29c47ced2bf86f689dc9') in 0.001291 seconds
Number of updated asset objects reloaded before import = 0
Number of asset objects unloaded after import = 118
========================================================================
Received Import Request.
  Time since last request: 0.000034 seconds.
  path: Assets/SyntyStudios/PolygonStarter/PolygonPrototype/Models/Character_FPSHands_01.fbx
  artifactKey: Guid(3c34d2567f522774bb262a3cfdbc15ae) Importer(815301076,1909f56bfc062723c751e8b465ee728b)
Start importing Assets/SyntyStudios/PolygonStarter/PolygonPrototype/Models/Character_FPSHands_01.fbx using Guid(3c34d2567f522774bb262a3cfdbc15ae) Importer(815301076,1909f56bfc062723c751e8b465ee728b)  -> (artifact id: '6d42150f69db6c3b43053982ca18cb80') in 0.002153 seconds
Number of updated asset objects reloaded before import = 0
Number of asset objects unloaded after import = 119
========================================================================
Received Import Request.
  Time since last request: 0.043488 seconds.
  path: Assets/SyntyStudios/PolygonKnights/Prefabs/Characters/FixedScaleCharacters/Character_Knight_01_Black.prefab
  artifactKey: Guid(c1bf78096101892488e2d81d47664125) Importer(815301076,1909f56bfc062723c751e8b465ee728b)
Start importing Assets/SyntyStudios/PolygonKnights/Prefabs/Characters/FixedScaleCharacters/Character_Knight_01_Black.prefab using Guid(c1bf78096101892488e2d81d47664125) Importer(815301076,1909f56bfc062723c751e8b465ee728b)  -> (artifact id: '58dd3822db201093108469d8adc67643') in 0.005224 seconds
Number of updated asset objects reloaded before import = 0
Number of asset objects unloaded after import = 172
========================================================================
Received Import Request.
  Time since last request: 0.000025 seconds.
  path: Assets/SyntyStudios/PolygonKnights/Prefabs/Characters/FixedScaleCharacters/Character_Knight_01_Yellow.prefab
  artifactKey: Guid(617c7e2b14c38da47b2a3e63f9e6ccf2) Importer(815301076,1909f56bfc062723c751e8b465ee728b)
Start importing Assets/SyntyStudios/PolygonKnights/Prefabs/Characters/FixedScaleCharacters/Character_Knight_01_Yellow.prefab using Guid(617c7e2b14c38da47b2a3e63f9e6ccf2) Importer(815301076,1909f56bfc062723c751e8b465ee728b)  -> (artifact id: '08feb8fbdd74652a9c74274c9f2e4fea') in 0.001573 seconds
Number of updated asset objects reloaded before import = 0
Number of asset objects unloaded after import = 172
========================================================================
Received Import Request.
  Time since last request: 0.000067 seconds.
  path: Assets/SyntyStudios/PolygonKnights/Prefabs/Characters/Character_Knight_01_Blue.prefab
  artifactKey: Guid(b81ba67e44b1b174d9ef4491f146ee35) Importer(815301076,1909f56bfc062723c751e8b465ee728b)
Start importing Assets/SyntyStudios/PolygonKnights/Prefabs/Characters/Character_Knight_01_Blue.prefab using Guid(b81ba67e44b1b174d9ef4491f146ee35) Importer(815301076,1909f56bfc062723c751e8b465ee728b)  -> (artifact id: '89db93a446c03436db1a38bf0c317ce2') in 0.001928 seconds
Number of updated asset objects reloaded before import = 0
Number of asset objects unloaded after import = 172
========================================================================
Received Import Request.
  Time since last request: 0.000023 seconds.
  path: Assets/SyntyStudios/PolygonKnights/Prefabs/Characters/Character_Knight_01_Yellow.prefab
  artifactKey: Guid(359a3881d0d0e4143a67b57d6482e854) Importer(815301076,1909f56bfc062723c751e8b465ee728b)
Start importing Assets/SyntyStudios/PolygonKnights/Prefabs/Characters/Character_Knight_01_Yellow.prefab using Guid(359a3881d0d0e4143a67b57d6482e854) Importer(815301076,1909f56bfc062723c751e8b465ee728b)  -> (artifact id: 'b05489ebe40b09ab67dd54206b5a4135') in 0.002527 seconds
Number of updated asset objects reloaded before import = 0
Number of asset objects unloaded after import = 172
========================================================================
Received Import Request.
  Time since last request: 0.003987 seconds.
  path: Assets/SyntyStudios/PolygonKnights/Prefabs/Characters/Character_Knight_02_Black.prefab
  artifactKey: Guid(f9d38fed7b251cb4f9546516bfaa11c3) Importer(815301076,1909f56bfc062723c751e8b465ee728b)
Start importing Assets/SyntyStudios/PolygonKnights/Prefabs/Characters/Character_Knight_02_Black.prefab using Guid(f9d38fed7b251cb4f9546516bfaa11c3) Importer(815301076,1909f56bfc062723c751e8b465ee728b)  -> (artifact id: '1ac793a6e81afc3d5c19146f813140e3') in 0.001682 seconds
Number of updated asset objects reloaded before import = 0
Number of asset objects unloaded after import = 172
========================================================================
Received Import Request.
  Time since last request: 0.027810 seconds.
  path: Assets/SyntyStudios/PolygonKnights/Prefabs/Characters/Character_Knight_02_Blue.prefab
  artifactKey: Guid(7320372aefdc71442a2cf8b68a738f3b) Importer(815301076,1909f56bfc062723c751e8b465ee728b)
Start importing Assets/SyntyStudios/PolygonKnights/Prefabs/Characters/Character_Knight_02_Blue.prefab using Guid(7320372aefdc71442a2cf8b68a738f3b) Importer(815301076,1909f56bfc062723c751e8b465ee728b)  -> (artifact id: '6cfab4c93766838fa28e0da8e2424f07') in 0.002072 seconds
Number of updated asset objects reloaded before import = 0
Number of asset objects unloaded after import = 172
========================================================================
Received Import Request.
  Time since last request: 0.042190 seconds.
  path: Assets/SyntyStudios/PolygonKnights/Prefabs/Characters/Character_Knight_02_Orange.prefab
  artifactKey: Guid(2f4930b22c943444e856b508d62919b2) Importer(815301076,1909f56bfc062723c751e8b465ee728b)
Start importing Assets/SyntyStudios/PolygonKnights/Prefabs/Characters/Character_Knight_02_Orange.prefab using Guid(2f4930b22c943444e856b508d62919b2) Importer(815301076,1909f56bfc062723c751e8b465ee728b)  -> (artifact id: 'e7010cdfac2777e54d644018101ed8fa') in 0.001549 seconds
Number of updated asset objects reloaded before import = 0
Number of asset objects unloaded after import = 172
========================================================================
Received Import Request.
  Time since last request: 0.000029 seconds.
  path: Assets/SyntyStudios/PolygonKnights/Prefabs/Characters/FixedScaleCharacters/Character_Knight_02_Yellow.prefab
  artifactKey: Guid(04da108a79352fd408b092086312e147) Importer(815301076,1909f56bfc062723c751e8b465ee728b)
Start importing Assets/SyntyStudios/PolygonKnights/Prefabs/Characters/FixedScaleCharacters/Character_Knight_02_Yellow.prefab using Guid(04da108a79352fd408b092086312e147) Importer(815301076,1909f56bfc062723c751e8b465ee728b)  -> (artifact id: '6854e1a4b826411f2b53daeea8040cda') in 0.001877 seconds
Number of updated asset objects reloaded before import = 0
Number of asset objects unloaded after import = 172
========================================================================
Received Import Request.
  Time since last request: 0.055110 seconds.
  path: Assets/SyntyStudios/PolygonKnights/Prefabs/Characters/Character_Knight_03_Black.prefab
  artifactKey: Guid(8f6b0c88789bc024189afa8e609cf122) Importer(815301076,1909f56bfc062723c751e8b465ee728b)
Start importing Assets/SyntyStudios/PolygonKnights/Prefabs/Characters/Character_Knight_03_Black.prefab using Guid(8f6b0c88789bc024189afa8e609cf122) Importer(815301076,1909f56bfc062723c751e8b465ee728b)  -> (artifact id: '5638f96fb7f00669e7257addbd36c4cc') in 0.001794 seconds
Number of updated asset objects reloaded before import = 0
Number of asset objects unloaded after import = 172
========================================================================
Received Import Request.
  Time since last request: 0.038947 seconds.
  path: Assets/SyntyStudios/PolygonKnights/Prefabs/Characters/Character_Knight_03_Blue.prefab
  artifactKey: Guid(a62e0ab0f0837ca48adf4710699a7e91) Importer(815301076,1909f56bfc062723c751e8b465ee728b)
Start importing Assets/SyntyStudios/PolygonKnights/Prefabs/Characters/Character_Knight_03_Blue.prefab using Guid(a62e0ab0f0837ca48adf4710699a7e91) Importer(815301076,1909f56bfc062723c751e8b465ee728b)  -> (artifact id: 'd10fb72edc4aa1edd31ea0a11abc1618') in 0.001746 seconds
Number of updated asset objects reloaded before import = 0
Number of asset objects unloaded after import = 172
========================================================================
Received Import Request.
  Time since last request: 0.035527 seconds.
  path: Assets/SyntyStudios/PolygonKnights/Prefabs/Characters/Character_Knight_03_Orange.prefab
  artifactKey: Guid(7cd674477aac5864fb88016585b7e3e2) Importer(815301076,1909f56bfc062723c751e8b465ee728b)
Start importing Assets/SyntyStudios/PolygonKnights/Prefabs/Characters/Character_Knight_03_Orange.prefab using Guid(7cd674477aac5864fb88016585b7e3e2) Importer(815301076,1909f56bfc062723c751e8b465ee728b)  -> (artifact id: 'db15bd31d1b8cce4fa342dfe41c9fa61') in 0.001459 seconds
Number of updated asset objects reloaded before import = 0
Number of asset objects unloaded after import = 172
========================================================================
Received Import Request.
  Time since last request: 0.000025 seconds.
  path: Assets/SyntyStudios/PolygonKnights/Prefabs/Characters/FixedScaleCharacters/Character_Knight_03_Yellow.prefab
  artifactKey: Guid(56cd13756af305d4c9e7610f1eccbaed) Importer(815301076,1909f56bfc062723c751e8b465ee728b)
Start importing Assets/SyntyStudios/PolygonKnights/Prefabs/Characters/FixedScaleCharacters/Character_Knight_03_Yellow.prefab using Guid(56cd13756af305d4c9e7610f1eccbaed) Importer(815301076,1909f56bfc062723c751e8b465ee728b)  -> (artifact id: '7b9322c83754dd9c222a831f4f4320b5') in 0.001622 seconds
Number of updated asset objects reloaded before import = 0
Number of asset objects unloaded after import = 172
========================================================================
Received Import Request.
  Time since last request: 0.000125 seconds.
  path: Assets/SyntyStudios/PolygonAdventure/Prefabs/Characters/Character_Knight_Brown.prefab
  artifactKey: Guid(6724992a26d21854798810e3993415be) Importer(815301076,1909f56bfc062723c751e8b465ee728b)
Start importing Assets/SyntyStudios/PolygonAdventure/Prefabs/Characters/Character_Knight_Brown.prefab using Guid(6724992a26d21854798810e3993415be) Importer(815301076,1909f56bfc062723c751e8b465ee728b)  -> (artifact id: 'c1a452fab015d74d93ed1470aeb63352') in 0.003736 seconds
Number of updated asset objects reloaded before import = 0
Number of asset objects unloaded after import = 172
========================================================================
Received Import Request.
  Time since last request: 0.044752 seconds.
  path: Assets/SyntyStudios/PolygonStarter/PolygonPrototype/Prefabs/Characters/Character_Male_Face_01.prefab
  artifactKey: Guid(194f8fbf67729fd40936b3465af2cc47) Importer(815301076,1909f56bfc062723c751e8b465ee728b)
Start importing Assets/SyntyStudios/PolygonStarter/PolygonPrototype/Prefabs/Characters/Character_Male_Face_01.prefab using Guid(194f8fbf67729fd40936b3465af2cc47) Importer(815301076,1909f56bfc062723c751e8b465ee728b)  -> (artifact id: '4b62cdb03e44e8ceeb05f2cfad9075ed') in 0.002367 seconds
Number of updated asset objects reloaded before import = 0
Number of asset objects unloaded after import = 132
========================================================================
Received Import Request.
  Time since last request: 0.000037 seconds.
  path: Assets/SyntyStudios/PolygonCity/Prefabs/Characters/FixedScaleCharacters/Character_Male_Hoodie.prefab
  artifactKey: Guid(ad37c0f463d2b0e429d42a12ec7b2469) Importer(815301076,1909f56bfc062723c751e8b465ee728b)
Start importing Assets/SyntyStudios/PolygonCity/Prefabs/Characters/FixedScaleCharacters/Character_Male_Hoodie.prefab using Guid(ad37c0f463d2b0e429d42a12ec7b2469) Importer(815301076,1909f56bfc062723c751e8b465ee728b)  -> (artifact id: '0bf311a6754ae4c533d2ec6b66dde25d') in 0.001667 seconds
Number of updated asset objects reloaded before import = 0
Number of asset objects unloaded after import = 138
========================================================================
Received Import Request.
  Time since last request: 0.049783 seconds.
  path: Assets/SyntyStudios/PolygonCity/Prefabs/Characters/Character_Male_Jacket_01.prefab
  artifactKey: Guid(5f6cbb0f4dd572e47ab1ee6c2a3a36d1) Importer(815301076,1909f56bfc062723c751e8b465ee728b)
Start importing Assets/SyntyStudios/PolygonCity/Prefabs/Characters/Character_Male_Jacket_01.prefab using Guid(5f6cbb0f4dd572e47ab1ee6c2a3a36d1) Importer(815301076,1909f56bfc062723c751e8b465ee728b)  -> (artifact id: '41cd435f32701cb711516aa7a5dea69c') in 0.001662 seconds
Number of updated asset objects reloaded before import = 0
Number of asset objects unloaded after import = 138
========================================================================
Received Import Request.
  Time since last request: 0.000023 seconds.
  path: Assets/SyntyStudios/PolygonCity/Prefabs/Characters/FixedScaleCharacters/Character_Male_Police.prefab
  artifactKey: Guid(5b920fc901e2cd945beaebdb578e5b09) Importer(815301076,1909f56bfc062723c751e8b465ee728b)
Start importing Assets/SyntyStudios/PolygonCity/Prefabs/Characters/FixedScaleCharacters/Character_Male_Police.prefab using Guid(5b920fc901e2cd945beaebdb578e5b09) Importer(815301076,1909f56bfc062723c751e8b465ee728b)  -> (artifact id: 'a991fab8efd40349812c3b5da628c835') in 0.001676 seconds
Number of updated asset objects reloaded before import = 0
Number of asset objects unloaded after import = 138
========================================================================
Received Import Request.
  Time since last request: 0.000168 seconds.
  path: Assets/SyntyStudios/PolygonStarter/PolygonPrototype/Prefabs/Characters/Character_Male_NoFace_01.prefab
  artifactKey: Guid(1617cfd7d856042459cec623d111378d) Importer(815301076,1909f56bfc062723c751e8b465ee728b)
Start importing Assets/SyntyStudios/PolygonStarter/PolygonPrototype/Prefabs/Characters/Character_Male_NoFace_01.prefab using Guid(1617cfd7d856042459cec623d111378d) Importer(815301076,1909f56bfc062723c751e8b465ee728b)  -> (artifact id: '058035b74a3729e4ed82514bc0ed89c5') in 0.001395 seconds
Number of updated asset objects reloaded before import = 0
Number of asset objects unloaded after import = 132
========================================================================
Received Import Request.
  Time since last request: 0.043946 seconds.
  path: Assets/SyntyStudios/PolygonAdventure/Prefabs/Characters/Character_Peasant_White.prefab
  artifactKey: Guid(0925457c2b2fe9f4a8747c59013d56d4) Importer(815301076,1909f56bfc062723c751e8b465ee728b)
Start importing Assets/SyntyStudios/PolygonAdventure/Prefabs/Characters/Character_Peasant_White.prefab using Guid(0925457c2b2fe9f4a8747c59013d56d4) Importer(815301076,1909f56bfc062723c751e8b465ee728b)  -> (artifact id: '9ee83902a3854eafc7b53f3082c84b02') in 0.001537 seconds
Number of updated asset objects reloaded before import = 0
Number of asset objects unloaded after import = 172
========================================================================
Received Import Request.
  Time since last request: 0.066842 seconds.
  path: Assets/SyntyStudios/PolygonAdventure/Prefabs/Characters/Character_Shopkeeper_Brown.prefab
  artifactKey: Guid(5bec398114a29f44286d4e48bb0e0de3) Importer(815301076,1909f56bfc062723c751e8b465ee728b)
Start importing Assets/SyntyStudios/PolygonAdventure/Prefabs/Characters/Character_Shopkeeper_Brown.prefab using Guid(5bec398114a29f44286d4e48bb0e0de3) Importer(815301076,1909f56bfc062723c751e8b465ee728b)  -> (artifact id: 'b29803ea30da2af4506de4cd569853d1') in 0.001736 seconds
Number of updated asset objects reloaded before import = 0
Number of asset objects unloaded after import = 172
========================================================================
Received Import Request.
  Time since last request: 0.031724 seconds.
  path: Assets/SyntyStudios/PolygonKnights/Prefabs/Characters/FixedScaleCharacters/Character_Soldier_01_Black.prefab
  artifactKey: Guid(084d983feb3cc754a8dc6647297cd52f) Importer(815301076,1909f56bfc062723c751e8b465ee728b)
Start importing Assets/SyntyStudios/PolygonKnights/Prefabs/Characters/FixedScaleCharacters/Character_Soldier_01_Black.prefab using Guid(084d983feb3cc754a8dc6647297cd52f) Importer(815301076,1909f56bfc062723c751e8b465ee728b)  -> (artifact id: '9445949152cae707f6c7a3b4bee50257') in 0.002013 seconds
Number of updated asset objects reloaded before import = 0
Number of asset objects unloaded after import = 172
========================================================================
Received Import Request.
  Time since last request: 0.000036 seconds.
  path: Assets/SyntyStudios/PolygonKnights/Prefabs/Characters/FixedScaleCharacters/Character_Soldier_01_Blue.prefab
  artifactKey: Guid(457b3ccefeecdef4a95ba381a0bcedeb) Importer(815301076,1909f56bfc062723c751e8b465ee728b)
Start importing Assets/SyntyStudios/PolygonKnights/Prefabs/Characters/FixedScaleCharacters/Character_Soldier_01_Blue.prefab using Guid(457b3ccefeecdef4a95ba381a0bcedeb) Importer(815301076,1909f56bfc062723c751e8b465ee728b)  -> (artifact id: 'ae8bf385c5ced6e59a192527f741c15a') in 0.001622 seconds
Number of updated asset objects reloaded before import = 0
Number of asset objects unloaded after import = 172
========================================================================
Received Import Request.
  Time since last request: 0.000215 seconds.
  path: Assets/SyntyStudios/PolygonKnights/Prefabs/Characters/FixedScaleCharacters/Character_Soldier_01_Orange.prefab
  artifactKey: Guid(529b63b3c6d894747b009dcccb171efa) Importer(815301076,1909f56bfc062723c751e8b465ee728b)
Start importing Assets/SyntyStudios/PolygonKnights/Prefabs/Characters/FixedScaleCharacters/Character_Soldier_01_Orange.prefab using Guid(529b63b3c6d894747b009dcccb171efa) Importer(815301076,1909f56bfc062723c751e8b465ee728b)  -> (artifact id: '3e44230fa4e24a9bd07a79f86989a382') in 0.001685 seconds
Number of updated asset objects reloaded before import = 0
Number of asset objects unloaded after import = 172
========================================================================
Received Import Request.
  Time since last request: 0.000025 seconds.
  path: Assets/SyntyStudios/PolygonKnights/Prefabs/Characters/Character_Soldier_01_Blue.prefab
  artifactKey: Guid(aa03ca6a3953ccc4397f5f35d2aa0a6d) Importer(815301076,1909f56bfc062723c751e8b465ee728b)
Start importing Assets/SyntyStudios/PolygonKnights/Prefabs/Characters/Character_Soldier_01_Blue.prefab using Guid(aa03ca6a3953ccc4397f5f35d2aa0a6d) Importer(815301076,1909f56bfc062723c751e8b465ee728b)  -> (artifact id: '9d732a6f336ae8dd2ae6b392ddc0f2f5') in 0.001419 seconds
Number of updated asset objects reloaded before import = 0
Number of asset objects unloaded after import = 172
========================================================================
Received Import Request.
  Time since last request: 0.044184 seconds.
  path: Assets/SyntyStudios/PolygonKnights/Prefabs/Characters/Character_Soldier_02_Black.prefab
  artifactKey: Guid(ef3c7a6cdd822654c9ff74c4222fa2b9) Importer(815301076,1909f56bfc062723c751e8b465ee728b)
Start importing Assets/SyntyStudios/PolygonKnights/Prefabs/Characters/Character_Soldier_02_Black.prefab using Guid(ef3c7a6cdd822654c9ff74c4222fa2b9) Importer(815301076,1909f56bfc062723c751e8b465ee728b)  -> (artifact id: 'e444c3a03ee6756faa2f28969ab81aee') in 0.001511 seconds
Number of updated asset objects reloaded before import = 0
Number of asset objects unloaded after import = 172
========================================================================
Received Import Request.
  Time since last request: 0.000027 seconds.
  path: Assets/SyntyStudios/PolygonKnights/Prefabs/Characters/FixedScaleCharacters/Character_Soldier_02_Orange.prefab
  artifactKey: Guid(e29b7534c7a519f4896a43415b178317) Importer(815301076,1909f56bfc062723c751e8b465ee728b)
Start importing Assets/SyntyStudios/PolygonKnights/Prefabs/Characters/FixedScaleCharacters/Character_Soldier_02_Orange.prefab using Guid(e29b7534c7a519f4896a43415b178317) Importer(815301076,1909f56bfc062723c751e8b465ee728b)  -> (artifact id: 'ccc379d54d708ace09ad5c4e7bdefa0b') in 0.001586 seconds
Number of updated asset objects reloaded before import = 0
Number of asset objects unloaded after import = 172
========================================================================
Received Import Request.
  Time since last request: 0.000040 seconds.
  path: Assets/SyntyStudios/PolygonKnights/Prefabs/Characters/FixedScaleCharacters/Character_Soldier_02_Black.prefab
  artifactKey: Guid(5baf554084cda7f43a0a3516b5c1d5b3) Importer(815301076,1909f56bfc062723c751e8b465ee728b)
Start importing Assets/SyntyStudios/PolygonKnights/Prefabs/Characters/FixedScaleCharacters/Character_Soldier_02_Black.prefab using Guid(5baf554084cda7f43a0a3516b5c1d5b3) Importer(815301076,1909f56bfc062723c751e8b465ee728b)  -> (artifact id: 'c3e619ee13073126d9418259b4a19429') in 0.001784 seconds
Number of updated asset objects reloaded before import = 0
Number of asset objects unloaded after import = 172
========================================================================
Received Import Request.
  Time since last request: 0.000083 seconds.
  path: Assets/SyntyStudios/PolygonAdventure/Prefabs/Characters/Character_Viking_Brown.prefab
  artifactKey: Guid(55baa12c54e933f44a6f55a515a15199) Importer(815301076,1909f56bfc062723c751e8b465ee728b)
Start importing Assets/SyntyStudios/PolygonAdventure/Prefabs/Characters/Character_Viking_Brown.prefab using Guid(55baa12c54e933f44a6f55a515a15199) Importer(815301076,1909f56bfc062723c751e8b465ee728b)  -> (artifact id: 'e8f2726dea483fc93612b493ab5fd56a') in 0.001608 seconds
Number of updated asset objects reloaded before import = 0
Number of asset objects unloaded after import = 172
========================================================================
Received Import Request.
  Time since last request: 0.000112 seconds.
  path: Assets/SyntyStudios/PolygonKnights/Prefabs/Characters/FixedScaleCharacters/Character_Soldier_02_Blue.prefab
  artifactKey: Guid(2e75b803e4467054788c11f49c6c098f) Importer(815301076,1909f56bfc062723c751e8b465ee728b)
Start importing Assets/SyntyStudios/PolygonKnights/Prefabs/Characters/FixedScaleCharacters/Character_Soldier_02_Blue.prefab using Guid(2e75b803e4467054788c11f49c6c098f) Importer(815301076,1909f56bfc062723c751e8b465ee728b)  -> (artifact id: '7b0ba9081d9c14762b880794aa1a9a9d') in 0.001603 seconds
Number of updated asset objects reloaded before import = 0
Number of asset objects unloaded after import = 172
========================================================================
Received Import Request.
  Time since last request: 0.000143 seconds.
  path: Assets/SyntyStudios/PolygonAdventure/Prefabs/Characters/Character_Warrior_Brown.prefab
  artifactKey: Guid(6ff9e4b8027e4b54ba8cccf95fad6052) Importer(815301076,1909f56bfc062723c751e8b465ee728b)
Start importing Assets/SyntyStudios/PolygonAdventure/Prefabs/Characters/Character_Warrior_Brown.prefab using Guid(6ff9e4b8027e4b54ba8cccf95fad6052) Importer(815301076,1909f56bfc062723c751e8b465ee728b)  -> (artifact id: '7d02e067f9c6c21a49c318023545df87') in 0.001533 seconds
Number of updated asset objects reloaded before import = 0
Number of asset objects unloaded after import = 172
========================================================================
Received Import Request.
  Time since last request: 0.000049 seconds.
  path: Assets/SyntyStudios/PolygonAdventure/Prefabs/Characters/Character_Viking_Black.prefab
  artifactKey: Guid(46f578172acf555439ea7037b277bd58) Importer(815301076,1909f56bfc062723c751e8b465ee728b)
Start importing Assets/SyntyStudios/PolygonAdventure/Prefabs/Characters/Character_Viking_Black.prefab using Guid(46f578172acf555439ea7037b277bd58) Importer(815301076,1909f56bfc062723c751e8b465ee728b)  -> (artifact id: '5203c9d0284fa5f5ed2d74c5689cb639') in 0.001723 seconds
Number of updated asset objects reloaded before import = 0
Number of asset objects unloaded after import = 172
========================================================================
Received Import Request.
  Time since last request: 0.039952 seconds.
  path: Assets/SyntyStudios/PolygonCity/Models/Characters.fbx
  artifactKey: Guid(897b34267f422c1499700402763d096e) Importer(815301076,1909f56bfc062723c751e8b465ee728b)
Start importing Assets/SyntyStudios/PolygonCity/Models/Characters.fbx using Guid(897b34267f422c1499700402763d096e) Importer(815301076,1909f56bfc062723c751e8b465ee728b)  -> (artifact id: 'ad323c6799cf294511c28d24e26f15ed') in 0.002689 seconds
Number of updated asset objects reloaded before import = 0
Number of asset objects unloaded after import = 139
========================================================================
Received Import Request.
  Time since last request: 0.000038 seconds.
  path: Assets/SyntyStudios/PolygonKnights/Models/Characters/FixedScaleCharacters/Characters_POLYGON_Knights.fbx
  artifactKey: Guid(32562d1256a1b3b4ca9be3d6ce7adf64) Importer(815301076,1909f56bfc062723c751e8b465ee728b)
Start importing Assets/SyntyStudios/PolygonKnights/Models/Characters/FixedScaleCharacters/Characters_POLYGON_Knights.fbx using Guid(32562d1256a1b3b4ca9be3d6ce7adf64) Importer(815301076,1909f56bfc062723c751e8b465ee728b)  -> (artifact id: '15d40a2bb28fce682b629e6268d139c1') in 0.003182 seconds
Number of updated asset objects reloaded before import = 0
Number of asset objects unloaded after import = 173
========================================================================
Received Import Request.
  Time since last request: 0.000050 seconds.
  path: Assets/SyntyStudios/PolygonStarter/PolygonPrototype/Prefabs/FX/Fire_01_FX.prefab
  artifactKey: Guid(118e3f56a5212e849882f9a2fccadda7) Importer(815301076,1909f56bfc062723c751e8b465ee728b)
Start importing Assets/SyntyStudios/PolygonStarter/PolygonPrototype/Prefabs/FX/Fire_01_FX.prefab using Guid(118e3f56a5212e849882f9a2fccadda7) Importer(815301076,1909f56bfc062723c751e8b465ee728b)  -> (artifact id: 'd5e6dd1adcb4d4487ccb1d7d63f3c569') in 0.003529 seconds
Number of updated asset objects reloaded before import = 0
Number of asset objects unloaded after import = 5
========================================================================
Received Import Request.
  Time since last request: 0.000106 seconds.
  path: Assets/SyntyStudios/PolygonCity/Models/FixedScaleCharacters/Characters.fbx
  artifactKey: Guid(91028badc63f59f43a9c5bda64fbd608) Importer(815301076,1909f56bfc062723c751e8b465ee728b)
Start importing Assets/SyntyStudios/PolygonCity/Models/FixedScaleCharacters/Characters.fbx using Guid(91028badc63f59f43a9c5bda64fbd608) Importer(815301076,1909f56bfc062723c751e8b465ee728b)  -> (artifact id: 'a877dfbddcabd037edcea3e231f7c3df') in 0.002609 seconds
Number of updated asset objects reloaded before import = 0
Number of asset objects unloaded after import = 139
========================================================================
Received Import Request.
  Time since last request: 0.000179 seconds.
  path: Assets/SyntyStudios/PolygonAdventure/Models/Characters/Characters.fbx
  artifactKey: Guid(fd7d68a65822e4a44a9ef78850e64cfc) Importer(815301076,1909f56bfc062723c751e8b465ee728b)
Start importing Assets/SyntyStudios/PolygonAdventure/Models/Characters/Characters.fbx using Guid(fd7d68a65822e4a44a9ef78850e64cfc) Importer(815301076,1909f56bfc062723c751e8b465ee728b)  -> (artifact id: 'f72277b41cc0524752179c6f6fac3084') in 0.002667 seconds
Number of updated asset objects reloaded before import = 0
Number of asset objects unloaded after import = 173
========================================================================
Received Import Request.
  Time since last request: 26.977674 seconds.
  path: Assets/Tree9/Tree9_1_Textures/normal_specular.png
  artifactKey: Guid(34bf97c9a44d6a24e9aad37f9f1e5e3d) Importer(815301076,1909f56bfc062723c751e8b465ee728b)
Start importing Assets/Tree9/Tree9_1_Textures/normal_specular.png using Guid(34bf97c9a44d6a24e9aad37f9f1e5e3d) Importer(815301076,1909f56bfc062723c751e8b465ee728b)  -> (artifact id: 'fe4358acccf9749a8dc307110d5d3a00') in 0.002625 seconds
Number of updated asset objects reloaded before import = 0
Number of asset objects unloaded after import = 1
========================================================================
Received Import Request.
  Time since last request: 0.000263 seconds.
  path: Assets/Tree9/Tree9_1_Textures/shadow.png
  artifactKey: Guid(c6866b951b8f3da479d9f8822255ff51) Importer(815301076,1909f56bfc062723c751e8b465ee728b)
Start importing Assets/Tree9/Tree9_1_Textures/shadow.png using Guid(c6866b951b8f3da479d9f8822255ff51) Importer(815301076,1909f56bfc062723c751e8b465ee728b)  -> (artifact id: 'e59c7f719097dee2b08b3c671a5a01ef') in 0.000796 seconds
Number of updated asset objects reloaded before import = 0
Number of asset objects unloaded after import = 1
========================================================================
Received Import Request.
  Time since last request: 39.518387 seconds.
  path: Assets/Tree9/Materials/leaf.mat
  artifactKey: Guid(3b81562ccc7e92543a108e811251a16f) Importer(815301076,1909f56bfc062723c751e8b465ee728b)
Start importing Assets/Tree9/Materials/leaf.mat using Guid(3b81562ccc7e92543a108e811251a16f) Importer(815301076,1909f56bfc062723c751e8b465ee728b)  -> (artifact id: '3d3797843f905ced662bcd20ea4f10b8') in 0.003152 seconds
Number of updated asset objects reloaded before import = 0
Number of asset objects unloaded after import = 1
========================================================================
Received Import Request.
  Time since last request: 47.688286 seconds.
  path: Assets/Animations/Forward Jump.fbx
  artifactKey: Guid(b58cacb40c4819144a029912f373b92c) Importer(2089858483,0ecaa5967403d082aa24f35e1b516d23)
Start importing Assets/Animations/Forward Jump.fbx using Guid(b58cacb40c4819144a029912f373b92c) Importer(2089858483,0ecaa5967403d082aa24f35e1b516d23)  -> (artifact id: 'd8d3271b952462d7ed400490d524badc') in 0.264643 seconds
Number of updated asset objects reloaded before import = 0
Number of asset objects unloaded after import = 136
========================================================================
Received Import Request.
  Time since last request: 0.000052 seconds.
  path: Assets/Animations/Walking Backwards.fbx
  artifactKey: Guid(0c25cfe960972a944a2854891ad6d6db) Importer(2089858483,0ecaa5967403d082aa24f35e1b516d23)
Start importing Assets/Animations/Walking Backwards.fbx using Guid(0c25cfe960972a944a2854891ad6d6db) Importer(2089858483,0ecaa5967403d082aa24f35e1b516d23)  -> (artifact id: '99d85adb597cabef6af5da300b2eeacd') in 0.011712 seconds
Number of updated asset objects reloaded before import = 0
Number of asset objects unloaded after import = 136
========================================================================
Received Import Request.
  Time since last request: 0.000023 seconds.
  path: Assets/Ch05_nonPBR.fbm/Ch05_1002_Glossiness.png
  artifactKey: Guid(9f30728f44d3a43b39de8615de6fea7e) Importer(2089858483,0ecaa5967403d082aa24f35e1b516d23)
Start importing Assets/Ch05_nonPBR.fbm/Ch05_1002_Glossiness.png using Guid(9f30728f44d3a43b39de8615de6fea7e) Importer(2089858483,0ecaa5967403d082aa24f35e1b516d23)  -> (artifact id: '96e2fc87cf17413c8c2dd5d7215d5eb4') in 0.036713 seconds
Number of updated asset objects reloaded before import = 0
Number of asset objects unloaded after import = 1
========================================================================
Received Import Request.
  Time since last request: 0.000354 seconds.
  path: Assets/AllSkyFree/Cartoon Base BlueSky/Sky_Day_BlueSky_Nothing_Cam_0_Front+Z.png
  artifactKey: Guid(d731d71c2b8e94c18b5ef8be277e6773) Importer(2089858483,0ecaa5967403d082aa24f35e1b516d23)
Start importing Assets/AllSkyFree/Cartoon Base BlueSky/Sky_Day_BlueSky_Nothing_Cam_0_Front+Z.png using Guid(d731d71c2b8e94c18b5ef8be277e6773) Importer(2089858483,0ecaa5967403d082aa24f35e1b516d23)  -> (artifact id: 'cc62e522417c6cc84bb499941bb81168') in 0.013579 seconds
Number of updated asset objects reloaded before import = 0
Number of asset objects unloaded after import = 1
========================================================================
Received Import Request.
  Time since last request: 0.000645 seconds.
  path: Assets/AllSkyFree/Cold Night/Cold Night__Cam_0_Front+Z.png
  artifactKey: Guid(aad96e1c2baf24d3499e2ea1426ab824) Importer(2089858483,0ecaa5967403d082aa24f35e1b516d23)
Start importing Assets/AllSkyFree/Cold Night/Cold Night__Cam_0_Front+Z.png using Guid(aad96e1c2baf24d3499e2ea1426ab824) Importer(2089858483,0ecaa5967403d082aa24f35e1b516d23)  -> (artifact id: '85c643cee4ec43bc142de7a17b0213d0') in 0.015861 seconds
Number of updated asset objects reloaded before import = 0
Number of asset objects unloaded after import = 1
========================================================================
Received Import Request.
  Time since last request: 0.001770 seconds.
  path: Assets/AllSkyFree/Epic_BlueSunset/Epic_BlueSunset.mat
  artifactKey: Guid(7416536dbe0334cfd888dd1beb75a9fb) Importer(2089858483,0ecaa5967403d082aa24f35e1b516d23)
Start importing Assets/AllSkyFree/Epic_BlueSunset/Epic_BlueSunset.mat using Guid(7416536dbe0334cfd888dd1beb75a9fb) Importer(2089858483,0ecaa5967403d082aa24f35e1b516d23)  -> (artifact id: '00231b103030f9bba31736f4a9a854bd') in 0.040781 seconds
Number of updated asset objects reloaded before import = 0
Number of asset objects unloaded after import = 7
========================================================================
Received Import Request.
  Time since last request: 0.000113 seconds.
  path: Assets/AllSkyFree/_AllSkyFreeDemoEnvironment/Materials/TreeTrunk.mat
  artifactKey: Guid(2f225ce8f2fae4ea3b08c9298a6f25e4) Importer(2089858483,0ecaa5967403d082aa24f35e1b516d23)
Start importing Assets/AllSkyFree/_AllSkyFreeDemoEnvironment/Materials/TreeTrunk.mat using Guid(2f225ce8f2fae4ea3b08c9298a6f25e4) Importer(2089858483,0ecaa5967403d082aa24f35e1b516d23)  -> (artifact id: 'b619426e09eafdb32ca4756cccb0f380') in 0.006299 seconds
Number of updated asset objects reloaded before import = 0
Number of asset objects unloaded after import = 1
========================================================================
Received Import Request.
  Time since last request: 0.000077 seconds.
  path: Assets/AllSkyFree/Cartoon Base BlueSky/Day_BlueSky_Nothing.unity
  artifactKey: Guid(c227f157df13b418c8ebb9e0b483e121) Importer(2089858483,0ecaa5967403d082aa24f35e1b516d23)
Start importing Assets/AllSkyFree/Cartoon Base BlueSky/Day_BlueSky_Nothing.unity using Guid(c227f157df13b418c8ebb9e0b483e121) Importer(2089858483,0ecaa5967403d082aa24f35e1b516d23)  -> (artifact id: 'e2f29db94964e09c60c39154f318bd6c') in 0.001499 seconds
Number of updated asset objects reloaded before import = 0
Number of asset objects unloaded after import = 1
========================================================================
Received Import Request.
  Time since last request: 0.000082 seconds.
  path: Assets/water walk.mp3
  artifactKey: Guid(e266bef294a0c432f8ee77319d1c183c) Importer(2089858483,0ecaa5967403d082aa24f35e1b516d23)
Start importing Assets/water walk.mp3 using Guid(e266bef294a0c432f8ee77319d1c183c) Importer(2089858483,0ecaa5967403d082aa24f35e1b516d23)  -> (artifact id: '6c66429315e924aafbb04a389e9b42eb') in 0.036369 seconds
Number of updated asset objects reloaded before import = 0
Number of asset objects unloaded after import = 1
========================================================================
Received Import Request.
  Time since last request: 0.000625 seconds.
  path: Assets/Ch05_nonPBR.fbm/Ch05_1002_Normal.png
  artifactKey: Guid(3d4833a9ba4ee462985cfaf742908428) Importer(2089858483,0ecaa5967403d082aa24f35e1b516d23)
Start importing Assets/Ch05_nonPBR.fbm/Ch05_1002_Normal.png using Guid(3d4833a9ba4ee462985cfaf742908428) Importer(2089858483,0ecaa5967403d082aa24f35e1b516d23)  -> (artifact id: '3fbf94f806c31b007fdb6699b7da5b08') in 0.013248 seconds
Number of updated asset objects reloaded before import = 0
Number of asset objects unloaded after import = 1
========================================================================
Received Import Request.
  Time since last request: 0.000356 seconds.
  path: Assets/AllSkyFree/Cold Night/Cold Night__Cam_5_Down-Y.png
  artifactKey: Guid(8cab6aa3331da40e68754e2214ce08fa) Importer(2089858483,0ecaa5967403d082aa24f35e1b516d23)
Start importing Assets/AllSkyFree/Cold Night/Cold Night__Cam_5_Down-Y.png using Guid(8cab6aa3331da40e68754e2214ce08fa) Importer(2089858483,0ecaa5967403d082aa24f35e1b516d23)  -> (artifact id: 'ac884d242d939fdb29417912a26cba53') in 0.017162 seconds
Number of updated asset objects reloaded before import = 0
Number of asset objects unloaded after import = 1
========================================================================
Received Import Request.
  Time since last request: 0.003719 seconds.
  path: Assets/AllSkyFree/Space_AnotherPlanet/AllSky_Space_AnotherPlanet_Cam_0_Front+Z.png
  artifactKey: Guid(0b5345cf23ab840779a8cbf1b89f355a) Importer(2089858483,0ecaa5967403d082aa24f35e1b516d23)
Start importing Assets/AllSkyFree/Space_AnotherPlanet/AllSky_Space_AnotherPlanet_Cam_0_Front+Z.png using Guid(0b5345cf23ab840779a8cbf1b89f355a) Importer(2089858483,0ecaa5967403d082aa24f35e1b516d23)  -> (artifact id: '25a9c9bea0e9d752cfadeaf39e917844') in 0.011268 seconds
Number of updated asset objects reloaded before import = 0
Number of asset objects unloaded after import = 1
Editor requested this worker to shutdown with reason: balancing worker count downwards
TcpMessagingSession - receive error: operation aborted. errorcode: 89, details: Operation aborted.
AssetImportWorker is now disconnected from the server
Process exiting
